/opt/gridengine/default/spool/compute-0-3/job_scripts/94732: line 7: : command not found
[info] Processing imagenes/SD.jpg
[info] imagenes/SD: width=640, height=360, nchannels=3
[info] Using gaussian denoising...
Tiempo: 0.079114
/opt/gridengine/default/spool/compute-0-3/job_scripts/94733: line 7: : command not found
Se usan 16 hilos
[info] Processing imagenes/SD.jpg
[info] imagenes/SD: width=640, height=360, nchannels=3
[info] Using gaussian denoising...
Tiempo: 0.022651
/opt/gridengine/default/spool/compute-0-3/job_scripts/94737: line 7: : command not found
[info] Processing imagenes/HD.jpg
[info] imagenes/HD: width=1280, height=720, nchannels=3
[info] Using gaussian denoising...
Tiempo: 0.322653
/opt/gridengine/default/spool/compute-0-3/job_scripts/94738: line 7: : command not found
Se usan 16 hilos
[info] Processing imagenes/HD.jpg
[info] imagenes/HD: width=1280, height=720, nchannels=3
[info] Using gaussian denoising...
Tiempo: 0.113737
/opt/gridengine/default/spool/compute-0-3/job_scripts/94739: line 7: : command not found
[info] Processing imagenes/FHD.jpg
[info] imagenes/FHD: width=1920, height=1080, nchannels=3
[info] Using gaussian denoising...
Tiempo: 0.761177
/opt/gridengine/default/spool/compute-0-3/job_scripts/94741: line 7: : command not found
Se usan 16 hilos
[info] Processing imagenes/FHD.jpg
[info] imagenes/FHD: width=1920, height=1080, nchannels=3
[info] Using gaussian denoising...
Tiempo: 0.263520
/opt/gridengine/default/spool/compute-0-3/job_scripts/94742: line 7: : command not found
[info] Processing imagenes/4k.jpg
[info] imagenes/4k: width=3840, height=2160, nchannels=3
[info] Using gaussian denoising...
Tiempo: 3.066959
/opt/gridengine/default/spool/compute-0-3/job_scripts/94743: line 7: : command not found
Se usan 16 hilos
[info] Processing imagenes/4k.jpg
[info] imagenes/4k: width=3840, height=2160, nchannels=3
[info] Using gaussian denoising...
Tiempo: 0.834808
/opt/gridengine/default/spool/compute-0-3/job_scripts/94744: line 7: : command not found
[info] Processing imagenes/8k.jpg
[info] imagenes/8k: width=7680, height=4320, nchannels=3
[info] Using gaussian denoising...
Tiempo: 12.803694
/opt/gridengine/default/spool/compute-0-3/job_scripts/94747: line 7: : command not found
Se usan 16 hilos
[info] Processing imagenes/8k.jpg
[info] imagenes/8k: width=7680, height=4320, nchannels=3
[info] Using gaussian denoising...
Tiempo: 4.876882
